<?xml version="1.0" encoding="UTF-8"?>
<!-- Generated by org.testng.reporters.JUnitReportReporter -->
<testsuite hostname="Vamsi" failures="0" tests="1" name="part3.SeleniumInteractions" time="122.192" errors="0" timestamp="2025-09-08T22:23:52 IST" skipped="0">
  <testcase classname="part3.SeleniumInteractions" name="testingUsingKeyboard" time="122.192"/>
</testsuite> <!-- part3.SeleniumInteractions -->
