<?xml version="1.0" encoding="UTF-8"?>
<!-- Generated by org.testng.reporters.JUnitReportReporter -->
<testsuite hostname="Vamsi" failures="0" tests="1" name="part3.SeleniumInterfacesAndMethods" time="60.257" errors="0" timestamp="2025-09-07T17:25:45 IST" skipped="0">
  <testcase classname="part3.SeleniumInterfacesAndMethods" name="testingUsingDynamicWaits2" time="60.257"/>
</testsuite> <!-- part3.SeleniumInterfacesAndMethods -->
