<?xml version="1.0" encoding="UTF-8"?>
<!-- Generated by org.testng.reporters.JUnitReportReporter -->
<testsuite hostname="Nageshwarao" failures="0" tests="1" name="part1.FirstTest" time="6.779" errors="0" timestamp="2025-08-21T11:32:38 IST" skipped="0">
  <testcase classname="part1.FirstTest" name="testLoggingIntoApplication" time="6.779"/>
</testsuite> <!-- part1.FirstTest -->
