<?xml version="1.0" encoding="UTF-8"?>
<!-- Generated by org.testng.reporters.JUnitReportReporter -->
<testsuite hostname="Nageshwarao" failures="0" tests="1" name="part2.JSExecutor" time="2.807" errors="0" timestamp="2025-08-21T11:27:20 IST" skipped="0">
  <testcase classname="part2.JSExecutor" name="TestingUsingJSExecutor" time="2.807"/>
</testsuite> <!-- part2.JSExecutor -->
