<?xml version="1.0" encoding="UTF-8"?>
<!-- Generated by org.testng.reporters.JUnitReportReporter -->
<testsuite hostname="Nageshwarao" failures="0" tests="1" name="part2.WebElementsTest" time="33.403" errors="0" timestamp="2025-08-30T17:54:54 IST" skipped="0">
  <testcase classname="part2.WebElementsTest" name="TestingWebElements3" time="33.403"/>
</testsuite> <!-- part2.WebElementsTest -->
